This file contains any messages produced by compilers while
running configure, to aid debugging if configure makes a mistake.

It was created by pear configure 0.9.10, which was
generated by GNU Autoconf 2.69.  Invocation command line was

  $ ./configure --prefix=/scratch/mpmachado/NGStools/PEAR/

## --------- ##
## Platform. ##
## --------- ##

hostname = dawkins
uname -m = x86_64
uname -r = 3.16.0-4-amd64
uname -s = Linux
uname -v = #1 SMP Debian 3.16.7-ckt25-2 (2016-04-08)

/usr/bin/uname -p = unknown
/bin/uname -X     = unknown

/bin/arch              = unknown
/usr/bin/arch -k       = unknown
/usr/convex/getsysinfo = unknown
/usr/bin/hostinfo      = unknown
/bin/machine           = unknown
/usr/bin/oslevel       = unknown
/bin/universe          = unknown

PATH: /scratch/mpmachado/NGStools/gnu/automake/bin
PATH: /scratch/mpmachado/NGStools/gnu/autoconf/bin
PATH: /scratch/mpmachado/NGStools/sublime/sublime_text_3
PATH: /home/mpmachado/perl5/bin
PATH: /home/mpmachado/.local/bin
PATH: /usr/local/bin
PATH: /usr/bin
PATH: /bin
PATH: /usr/games


## ----------- ##
## Core tests. ##
## ----------- ##

configure:2307: checking for a BSD-compatible install
configure:2375: result: /usr/bin/install -c
configure:2386: checking whether build environment is sane
configure:2441: result: yes
configure:2592: checking for a thread-safe mkdir -p
configure:2631: result: /bin/mkdir -p
configure:2638: checking for gawk
configure:2654: found /usr/bin/gawk
configure:2665: result: gawk
configure:2676: checking whether make sets $(MAKE)
configure:2698: result: yes
configure:2727: checking whether make supports nested variables
configure:2744: result: yes
configure:2927: checking for gcc
configure:2943: found /usr/bin/gcc
configure:2954: result: gcc
configure:3183: checking for C compiler version
configure:3192: gcc --version >&5
gcc (Debian 4.9.2-10) 4.9.2
Copyright (C) 2014 Free Software Foundation, Inc.
This is free software; see the source for copying conditions.  There is NO
warranty; not even for MERCHANTABILITY or FITNESS FOR A PARTICULAR PURPOSE.

configure:3203: $? = 0
configure:3192: gcc -v >&5
Using built-in specs.
COLLECT_GCC=gcc
COLLECT_LTO_WRAPPER=/usr/lib/gcc/x86_64-linux-gnu/4.9/lto-wrapper
Target: x86_64-linux-gnu
Configured with: ../src/configure -v --with-pkgversion='Debian 4.9.2-10' --with-bugurl=file:///usr/share/doc/gcc-4.9/README.Bugs --enable-languages=c,c++,java,go,d,fortran,objc,obj-c++ --prefix=/usr --program-suffix=-4.9 --enable-shared --enable-linker-build-id --libexecdir=/usr/lib --without-included-gettext --enable-threads=posix --with-gxx-include-dir=/usr/include/c++/4.9 --libdir=/usr/lib --enable-nls --with-sysroot=/ --enable-clocale=gnu --enable-libstdcxx-debug --enable-libstdcxx-time=yes --enable-gnu-unique-object --disable-vtable-verify --enable-plugin --with-system-zlib --disable-browser-plugin --enable-java-awt=gtk --enable-gtk-cairo --with-java-home=/usr/lib/jvm/java-1.5.0-gcj-4.9-amd64/jre --enable-java-home --with-jvm-root-dir=/usr/lib/jvm/java-1.5.0-gcj-4.9-amd64 --with-jvm-jar-dir=/usr/lib/jvm-exports/java-1.5.0-gcj-4.9-amd64 --with-arch-directory=amd64 --with-ecj-jar=/usr/share/java/eclipse-ecj.jar --enable-objc-gc --enable-multiarch --with-arch-32=i586 --with-abi=m64 --with-multilib-list=m32,m64,mx32 --enable-multilib --with-tune=generic --enable-checking=release --build=x86_64-linux-gnu --host=x86_64-linux-gnu --target=x86_64-linux-gnu
Thread model: posix
gcc version 4.9.2 (Debian 4.9.2-10) 
configure:3203: $? = 0
configure:3192: gcc -V >&5
gcc: error: unrecognized command line option '-V'
gcc: fatal error: no input files
compilation terminated.
configure:3203: $? = 4
configure:3192: gcc -qversion >&5
gcc: error: unrecognized command line option '-qversion'
gcc: fatal error: no input files
compilation terminated.
configure:3203: $? = 4
configure:3223: checking whether the C compiler works
configure:3245: gcc -O3   conftest.c  >&5
configure:3249: $? = 0
configure:3297: result: yes
configure:3300: checking for C compiler default output file name
configure:3302: result: a.out
configure:3308: checking for suffix of executables
configure:3315: gcc -o conftest -O3   conftest.c  >&5
configure:3319: $? = 0
configure:3341: result: 
configure:3363: checking whether we are cross compiling
configure:3371: gcc -o conftest -O3   conftest.c  >&5
configure:3375: $? = 0
configure:3382: ./conftest
configure:3386: $? = 0
configure:3401: result: no
configure:3406: checking for suffix of object files
configure:3428: gcc -c -O3  conftest.c >&5
configure:3432: $? = 0
configure:3453: result: o
configure:3457: checking whether we are using the GNU C compiler
configure:3476: gcc -c -O3  conftest.c >&5
configure:3476: $? = 0
configure:3485: result: yes
configure:3494: checking whether gcc accepts -g
configure:3514: gcc -c -g  conftest.c >&5
configure:3514: $? = 0
configure:3555: result: yes
configure:3572: checking for gcc option to accept ISO C89
configure:3635: gcc  -c -O3  conftest.c >&5
configure:3635: $? = 0
configure:3648: result: none needed
configure:3673: checking whether gcc understands -c and -o together
configure:3695: gcc -c conftest.c -o conftest2.o
configure:3698: $? = 0
configure:3695: gcc -c conftest.c -o conftest2.o
configure:3698: $? = 0
configure:3710: result: yes
configure:3738: checking for style of include used by make
configure:3766: result: GNU
configure:3792: checking dependency style of gcc
configure:3903: result: gcc3
configure:3923: checking for log in -lm
configure:3948: gcc -o conftest -O3   conftest.c -lm   >&5
conftest.c:18:6: warning: conflicting types for built-in function 'log'
 char log ();
      ^
configure:3948: $? = 0
configure:3957: result: yes
configure:3969: checking for main in -lpthread
configure:3988: gcc -o conftest -O3   conftest.c -lpthread  -lm  >&5
configure:3988: $? = 0
configure:3997: result: yes
configure:4015: checking how to run the C preprocessor
configure:4046: gcc -E  conftest.c
configure:4046: $? = 0
configure:4060: gcc -E  conftest.c
conftest.c:13:28: fatal error: ac_nonexistent.h: No such file or directory
 #include <ac_nonexistent.h>
                            ^
compilation terminated.
configure:4060: $? = 1
configure: failed program was:
| /* confdefs.h */
| #define PACKAGE_NAME "pear"
| #define PACKAGE_TARNAME "pear"
| #define PACKAGE_VERSION "0.9.10"
| #define PACKAGE_STRING "pear 0.9.10"
| #define PACKAGE_BUGREPORT "Tomas.Flouri@h-its.org"
| #define PACKAGE_URL ""
| #define PACKAGE "pear"
| #define VERSION "0.9.10"
| #define HAVE_LIBM 1
| #define HAVE_LIBPTHREAD 1
| /* end confdefs.h.  */
| #include <ac_nonexistent.h>
configure:4085: result: gcc -E
configure:4105: gcc -E  conftest.c
configure:4105: $? = 0
configure:4119: gcc -E  conftest.c
conftest.c:13:28: fatal error: ac_nonexistent.h: No such file or directory
 #include <ac_nonexistent.h>
                            ^
compilation terminated.
configure:4119: $? = 1
configure: failed program was:
| /* confdefs.h */
| #define PACKAGE_NAME "pear"
| #define PACKAGE_TARNAME "pear"
| #define PACKAGE_VERSION "0.9.10"
| #define PACKAGE_STRING "pear 0.9.10"
| #define PACKAGE_BUGREPORT "Tomas.Flouri@h-its.org"
| #define PACKAGE_URL ""
| #define PACKAGE "pear"
| #define VERSION "0.9.10"
| #define HAVE_LIBM 1
| #define HAVE_LIBPTHREAD 1
| /* end confdefs.h.  */
| #include <ac_nonexistent.h>
configure:4148: checking for grep that handles long lines and -e
configure:4206: result: /bin/grep
configure:4211: checking for egrep
configure:4273: result: /bin/grep -E
configure:4278: checking for ANSI C header files
configure:4298: gcc -c -O3  conftest.c >&5
configure:4298: $? = 0
configure:4371: gcc -o conftest -O3   conftest.c -lpthread -lm  >&5
configure:4371: $? = 0
configure:4371: ./conftest
configure:4371: $? = 0
configure:4382: result: yes
configure:4395: checking for sys/types.h
configure:4395: gcc -c -O3  conftest.c >&5
configure:4395: $? = 0
configure:4395: result: yes
configure:4395: checking for sys/stat.h
configure:4395: gcc -c -O3  conftest.c >&5
configure:4395: $? = 0
configure:4395: result: yes
configure:4395: checking for stdlib.h
configure:4395: gcc -c -O3  conftest.c >&5
configure:4395: $? = 0
configure:4395: result: yes
configure:4395: checking for string.h
configure:4395: gcc -c -O3  conftest.c >&5
configure:4395: $? = 0
configure:4395: result: yes
configure:4395: checking for memory.h
configure:4395: gcc -c -O3  conftest.c >&5
configure:4395: $? = 0
configure:4395: result: yes
configure:4395: checking for strings.h
configure:4395: gcc -c -O3  conftest.c >&5
configure:4395: $? = 0
configure:4395: result: yes
configure:4395: checking for inttypes.h
configure:4395: gcc -c -O3  conftest.c >&5
configure:4395: $? = 0
configure:4395: result: yes
configure:4395: checking for stdint.h
configure:4395: gcc -c -O3  conftest.c >&5
configure:4395: $? = 0
configure:4395: result: yes
configure:4395: checking for unistd.h
configure:4395: gcc -c -O3  conftest.c >&5
configure:4395: $? = 0
configure:4395: result: yes
configure:4410: checking for stdint.h
configure:4410: result: yes
configure:4410: checking for stdlib.h
configure:4410: result: yes
configure:4410: checking for string.h
configure:4410: result: yes
configure:4422: checking for inline
configure:4438: gcc -c -O3  conftest.c >&5
configure:4438: $? = 0
configure:4446: result: inline
configure:4464: checking for size_t
configure:4464: gcc -c -O3  conftest.c >&5
configure:4464: $? = 0
configure:4464: gcc -c -O3  conftest.c >&5
conftest.c: In function 'main':
conftest.c:62:21: error: expected expression before ')' token
 if (sizeof ((size_t)))
                     ^
configure:4464: $? = 1
configure: failed program was:
| /* confdefs.h */
| #define PACKAGE_NAME "pear"
| #define PACKAGE_TARNAME "pear"
| #define PACKAGE_VERSION "0.9.10"
| #define PACKAGE_STRING "pear 0.9.10"
| #define PACKAGE_BUGREPORT "Tomas.Flouri@h-its.org"
| #define PACKAGE_URL ""
| #define PACKAGE "pear"
| #define VERSION "0.9.10"
| #define HAVE_LIBM 1
| #define HAVE_LIBPTHREAD 1
| #define STDC_HEADERS 1
| #define HAVE_SYS_TYPES_H 1
| #define HAVE_SYS_STAT_H 1
| #define HAVE_STDLIB_H 1
| #define HAVE_STRING_H 1
| #define HAVE_MEMORY_H 1
| #define HAVE_STRINGS_H 1
| #define HAVE_INTTYPES_H 1
| #define HAVE_STDINT_H 1
| #define HAVE_UNISTD_H 1
| #define HAVE_STDINT_H 1
| #define HAVE_STDLIB_H 1
| #define HAVE_STRING_H 1
| /* end confdefs.h.  */
| #include <stdio.h>
| #ifdef HAVE_SYS_TYPES_H
| # include <sys/types.h>
| #endif
| #ifdef HAVE_SYS_STAT_H
| # include <sys/stat.h>
| #endif
| #ifdef STDC_HEADERS
| # include <stdlib.h>
| # include <stddef.h>
| #else
| # ifdef HAVE_STDLIB_H
| #  include <stdlib.h>
| # endif
| #endif
| #ifdef HAVE_STRING_H
| # if !defined STDC_HEADERS && defined HAVE_MEMORY_H
| #  include <memory.h>
| # endif
| # include <string.h>
| #endif
| #ifdef HAVE_STRINGS_H
| # include <strings.h>
| #endif
| #ifdef HAVE_INTTYPES_H
| # include <inttypes.h>
| #endif
| #ifdef HAVE_STDINT_H
| # include <stdint.h>
| #endif
| #ifdef HAVE_UNISTD_H
| # include <unistd.h>
| #endif
| int
| main ()
| {
| if (sizeof ((size_t)))
| 	    return 0;
|   ;
|   return 0;
| }
configure:4464: result: yes
configure:4475: checking for uint32_t
configure:4475: gcc -c -O3  conftest.c >&5
configure:4475: $? = 0
configure:4475: result: yes
configure:4493: checking for stdlib.h
configure:4493: result: yes
configure:4503: checking for GNU libc compatible malloc
configure:4527: gcc -o conftest -O3   conftest.c -lpthread -lm  >&5
configure:4527: $? = 0
configure:4527: ./conftest
configure:4527: $? = 0
configure:4537: result: yes
configure:4558: checking for working strtod
configure:4599: gcc -o conftest -O3   conftest.c -lpthread -lm  >&5
configure:4599: $? = 0
configure:4599: ./conftest
configure:4599: $? = 0
configure:4609: result: yes
configure:4674: checking for memmove
configure:4674: gcc -o conftest -O3   conftest.c -lpthread -lm  >&5
conftest.c:51:6: warning: conflicting types for built-in function 'memmove'
 char memmove ();
      ^
configure:4674: $? = 0
configure:4674: result: yes
configure:4674: checking for pow
configure:4674: gcc -o conftest -O3   conftest.c -lpthread -lm  >&5
conftest.c:52:6: warning: conflicting types for built-in function 'pow'
 char pow ();
      ^
configure:4674: $? = 0
configure:4674: result: yes
configure:4674: checking for strtol
configure:4674: gcc -o conftest -O3   conftest.c -lpthread -lm  >&5
configure:4674: $? = 0
configure:4674: result: yes
configure:4688: checking for library containing pthread_create
configure:4719: gcc -o conftest -O3   conftest.c -lpthread -lm  >&5
configure:4719: $? = 0
configure:4736: result: none required
configure:4752: checking for library containing BZ2_bzCompress
configure:4783: gcc -o conftest -O3   conftest.c -lpthread -lm  >&5
/tmp/ccr9LyOs.o: In function `main':
conftest.c:(.text.startup+0x7): undefined reference to `BZ2_bzCompress'
collect2: error: ld returned 1 exit status
configure:4783: $? = 1
configure: failed program was:
| /* confdefs.h */
| #define PACKAGE_NAME "pear"
| #define PACKAGE_TARNAME "pear"
| #define PACKAGE_VERSION "0.9.10"
| #define PACKAGE_STRING "pear 0.9.10"
| #define PACKAGE_BUGREPORT "Tomas.Flouri@h-its.org"
| #define PACKAGE_URL ""
| #define PACKAGE "pear"
| #define VERSION "0.9.10"
| #define HAVE_LIBM 1
| #define HAVE_LIBPTHREAD 1
| #define STDC_HEADERS 1
| #define HAVE_SYS_TYPES_H 1
| #define HAVE_SYS_STAT_H 1
| #define HAVE_STDLIB_H 1
| #define HAVE_STRING_H 1
| #define HAVE_MEMORY_H 1
| #define HAVE_STRINGS_H 1
| #define HAVE_INTTYPES_H 1
| #define HAVE_STDINT_H 1
| #define HAVE_UNISTD_H 1
| #define HAVE_STDINT_H 1
| #define HAVE_STDLIB_H 1
| #define HAVE_STRING_H 1
| #define HAVE_STDLIB_H 1
| #define HAVE_MALLOC 1
| #define HAVE_MEMMOVE 1
| #define HAVE_POW 1
| #define HAVE_STRTOL 1
| /* end confdefs.h.  */
| 
| /* Override any GCC internal prototype to avoid an error.
|    Use char because int might match the return type of a GCC
|    builtin and then its argument prototype would still apply.  */
| #ifdef __cplusplus
| extern "C"
| #endif
| char BZ2_bzCompress ();
| int
| main ()
| {
| return BZ2_bzCompress ();
|   ;
|   return 0;
| }
configure:4783: gcc -o conftest -O3   conftest.c -lbz2  -lpthread -lm  >&5
/usr/bin/ld: cannot find -lbz2
collect2: error: ld returned 1 exit status
configure:4783: $? = 1
configure: failed program was:
| /* confdefs.h */
| #define PACKAGE_NAME "pear"
| #define PACKAGE_TARNAME "pear"
| #define PACKAGE_VERSION "0.9.10"
| #define PACKAGE_STRING "pear 0.9.10"
| #define PACKAGE_BUGREPORT "Tomas.Flouri@h-its.org"
| #define PACKAGE_URL ""
| #define PACKAGE "pear"
| #define VERSION "0.9.10"
| #define HAVE_LIBM 1
| #define HAVE_LIBPTHREAD 1
| #define STDC_HEADERS 1
| #define HAVE_SYS_TYPES_H 1
| #define HAVE_SYS_STAT_H 1
| #define HAVE_STDLIB_H 1
| #define HAVE_STRING_H 1
| #define HAVE_MEMORY_H 1
| #define HAVE_STRINGS_H 1
| #define HAVE_INTTYPES_H 1
| #define HAVE_STDINT_H 1
| #define HAVE_UNISTD_H 1
| #define HAVE_STDINT_H 1
| #define HAVE_STDLIB_H 1
| #define HAVE_STRING_H 1
| #define HAVE_STDLIB_H 1
| #define HAVE_MALLOC 1
| #define HAVE_MEMMOVE 1
| #define HAVE_POW 1
| #define HAVE_STRTOL 1
| /* end confdefs.h.  */
| 
| /* Override any GCC internal prototype to avoid an error.
|    Use char because int might match the return type of a GCC
|    builtin and then its argument prototype would still apply.  */
| #ifdef __cplusplus
| extern "C"
| #endif
| char BZ2_bzCompress ();
| int
| main ()
| {
| return BZ2_bzCompress ();
|   ;
|   return 0;
| }
configure:4800: result: no
configure:4818: checking for library containing zlibVersion
configure:4849: gcc -o conftest -O3   conftest.c -lpthread -lm  >&5
/tmp/ccdkd5fC.o: In function `main':
conftest.c:(.text.startup+0x7): undefined reference to `zlibVersion'
collect2: error: ld returned 1 exit status
configure:4849: $? = 1
configure: failed program was:
| /* confdefs.h */
| #define PACKAGE_NAME "pear"
| #define PACKAGE_TARNAME "pear"
| #define PACKAGE_VERSION "0.9.10"
| #define PACKAGE_STRING "pear 0.9.10"
| #define PACKAGE_BUGREPORT "Tomas.Flouri@h-its.org"
| #define PACKAGE_URL ""
| #define PACKAGE "pear"
| #define VERSION "0.9.10"
| #define HAVE_LIBM 1
| #define HAVE_LIBPTHREAD 1
| #define STDC_HEADERS 1
| #define HAVE_SYS_TYPES_H 1
| #define HAVE_SYS_STAT_H 1
| #define HAVE_STDLIB_H 1
| #define HAVE_STRING_H 1
| #define HAVE_MEMORY_H 1
| #define HAVE_STRINGS_H 1
| #define HAVE_INTTYPES_H 1
| #define HAVE_STDINT_H 1
| #define HAVE_UNISTD_H 1
| #define HAVE_STDINT_H 1
| #define HAVE_STDLIB_H 1
| #define HAVE_STRING_H 1
| #define HAVE_STDLIB_H 1
| #define HAVE_MALLOC 1
| #define HAVE_MEMMOVE 1
| #define HAVE_POW 1
| #define HAVE_STRTOL 1
| /* end confdefs.h.  */
| 
| /* Override any GCC internal prototype to avoid an error.
|    Use char because int might match the return type of a GCC
|    builtin and then its argument prototype would still apply.  */
| #ifdef __cplusplus
| extern "C"
| #endif
| char zlibVersion ();
| int
| main ()
| {
| return zlibVersion ();
|   ;
|   return 0;
| }
configure:4849: gcc -o conftest -O3   conftest.c -lz  -lpthread -lm  >&5
configure:4849: $? = 0
configure:4866: result: -lz
configure:4880: checking pthread.h usability
configure:4880: gcc -c -O3  conftest.c >&5
configure:4880: $? = 0
configure:4880: result: yes
configure:4880: checking pthread.h presence
configure:4880: gcc -E  conftest.c
configure:4880: $? = 0
configure:4880: result: yes
configure:4880: checking for pthread.h
configure:4880: result: yes
configure:4914: checking zlib.h usability
configure:4914: gcc -c -O3  conftest.c >&5
configure:4914: $? = 0
configure:4914: result: yes
configure:4914: checking zlib.h presence
configure:4914: gcc -E  conftest.c
configure:4914: $? = 0
configure:4914: result: yes
configure:4914: checking for zlib.h
configure:4914: result: yes
configure:5066: checking that generated files are newer than configure
configure:5072: result: done
configure:5107: creating ./config.status

## ---------------------- ##
## Running config.status. ##
## ---------------------- ##

This file was extended by pear config.status 0.9.10, which was
generated by GNU Autoconf 2.69.  Invocation command line was

  CONFIG_FILES    = 
  CONFIG_HEADERS  = 
  CONFIG_LINKS    = 
  CONFIG_COMMANDS = 
  $ ./config.status 

on dawkins

config.status:873: creating Makefile
config.status:873: creating src/Makefile
config.status:873: creating man/Makefile
config.status:873: creating src/config.h
config.status:1102: executing depfiles commands

## ---------------- ##
## Cache variables. ##
## ---------------- ##

ac_cv_c_compiler_gnu=yes
ac_cv_c_inline=inline
ac_cv_c_uint32_t=yes
ac_cv_env_CC_set=
ac_cv_env_CC_value=
ac_cv_env_CFLAGS_set=
ac_cv_env_CFLAGS_value=
ac_cv_env_CPPFLAGS_set=
ac_cv_env_CPPFLAGS_value=
ac_cv_env_CPP_set=
ac_cv_env_CPP_value=
ac_cv_env_LDFLAGS_set=
ac_cv_env_LDFLAGS_value=
ac_cv_env_LIBS_set=
ac_cv_env_LIBS_value=
ac_cv_env_build_alias_set=
ac_cv_env_build_alias_value=
ac_cv_env_host_alias_set=
ac_cv_env_host_alias_value=
ac_cv_env_target_alias_set=
ac_cv_env_target_alias_value=
ac_cv_func_malloc_0_nonnull=yes
ac_cv_func_memmove=yes
ac_cv_func_pow=yes
ac_cv_func_strtod=yes
ac_cv_func_strtol=yes
ac_cv_header_inttypes_h=yes
ac_cv_header_memory_h=yes
ac_cv_header_pthread_h=yes
ac_cv_header_stdc=yes
ac_cv_header_stdint_h=yes
ac_cv_header_stdlib_h=yes
ac_cv_header_string_h=yes
ac_cv_header_strings_h=yes
ac_cv_header_sys_stat_h=yes
ac_cv_header_sys_types_h=yes
ac_cv_header_unistd_h=yes
ac_cv_header_zlib_h=yes
ac_cv_lib_m_log=yes
ac_cv_lib_pthread_main=yes
ac_cv_objext=o
ac_cv_path_EGREP='/bin/grep -E'
ac_cv_path_GREP=/bin/grep
ac_cv_path_install='/usr/bin/install -c'
ac_cv_path_mkdir=/bin/mkdir
ac_cv_prog_AWK=gawk
ac_cv_prog_CPP='gcc -E'
ac_cv_prog_ac_ct_CC=gcc
ac_cv_prog_cc_c89=
ac_cv_prog_cc_g=yes
ac_cv_prog_make_make_set=yes
ac_cv_search_BZ2_bzCompress=no
ac_cv_search_pthread_create='none required'
ac_cv_search_zlibVersion=-lz
ac_cv_type_size_t=yes
am_cv_CC_dependencies_compiler_type=gcc3
am_cv_make_support_nested_variables=yes
am_cv_prog_cc_c_o=yes

## ----------------- ##
## Output variables. ##
## ----------------- ##

ACLOCAL='${SHELL} /scratch/mpmachado/NGStools/PEAR/missing aclocal-1.15'
AMDEPBACKSLASH='\'
AMDEP_FALSE='#'
AMDEP_TRUE=''
AMTAR='$${TAR-tar}'
AM_BACKSLASH='\'
AM_DEFAULT_V='$(AM_DEFAULT_VERBOSITY)'
AM_DEFAULT_VERBOSITY='1'
AM_V='$(V)'
AUTOCONF='${SHELL} /scratch/mpmachado/NGStools/PEAR/missing autoconf'
AUTOHEADER='${SHELL} /scratch/mpmachado/NGStools/PEAR/missing autoheader'
AUTOMAKE='${SHELL} /scratch/mpmachado/NGStools/PEAR/missing automake-1.15'
AWK='gawk'
CC='gcc'
CCDEPMODE='depmode=gcc3'
CFLAGS='-O3'
CPP='gcc -E'
CPPFLAGS=''
CYGPATH_W='echo'
DEFS='-DHAVE_CONFIG_H'
DEPDIR='.deps'
ECHO_C=''
ECHO_N='-n'
ECHO_T=''
EGREP='/bin/grep -E'
EXEEXT=''
GREP='/bin/grep'
HAVE_BZLIB_FALSE=''
HAVE_BZLIB_TRUE='#'
HAVE_PTHREADS_FALSE='#'
HAVE_PTHREADS_TRUE=''
HAVE_ZLIB_FALSE='#'
HAVE_ZLIB_TRUE=''
INSTALL_DATA='${INSTALL} -m 644'
INSTALL_PROGRAM='${INSTALL}'
INSTALL_SCRIPT='${INSTALL}'
INSTALL_STRIP_PROGRAM='$(install_sh) -c -s'
LDFLAGS=''
LIBOBJS=''
LIBS='-lz -lpthread -lm '
LTLIBOBJS=''
MAKEINFO='${SHELL} /scratch/mpmachado/NGStools/PEAR/missing makeinfo'
MKDIR_P='/bin/mkdir -p'
OBJEXT='o'
PACKAGE='pear'
PACKAGE_BUGREPORT='Tomas.Flouri@h-its.org'
PACKAGE_NAME='pear'
PACKAGE_STRING='pear 0.9.10'
PACKAGE_TARNAME='pear'
PACKAGE_URL=''
PACKAGE_VERSION='0.9.10'
PATH_SEPARATOR=':'
POW_LIB=''
SET_MAKE=''
SHELL='/bin/bash'
STRIP=''
VERSION='0.9.10'
ac_ct_CC='gcc'
am__EXEEXT_FALSE=''
am__EXEEXT_TRUE='#'
am__fastdepCC_FALSE='#'
am__fastdepCC_TRUE=''
am__include='include'
am__isrc=''
am__leading_dot='.'
am__nodep='_no'
am__quote=''
am__tar='$${TAR-tar} chof - "$$tardir"'
am__untar='$${TAR-tar} xf -'
bindir='${exec_prefix}/bin'
build_alias=''
datadir='${datarootdir}'
datarootdir='${prefix}/share'
docdir='${datarootdir}/doc/${PACKAGE_TARNAME}'
dvidir='${docdir}'
exec_prefix='${prefix}'
host_alias=''
htmldir='${docdir}'
includedir='${prefix}/include'
infodir='${datarootdir}/info'
install_sh='${SHELL} /scratch/mpmachado/NGStools/PEAR/install-sh'
libdir='${exec_prefix}/lib'
libexecdir='${exec_prefix}/libexec'
localedir='${datarootdir}/locale'
localstatedir='${prefix}/var'
mandir='${datarootdir}/man'
mkdir_p='$(MKDIR_P)'
oldincludedir='/usr/include'
pdfdir='${docdir}'
prefix='/scratch/mpmachado/NGStools/PEAR'
program_transform_name='s,x,x,'
psdir='${docdir}'
sbindir='${exec_prefix}/sbin'
sharedstatedir='${prefix}/com'
sysconfdir='${prefix}/etc'
target_alias=''

## ----------- ##
## confdefs.h. ##
## ----------- ##

/* confdefs.h */
#define PACKAGE_NAME "pear"
#define PACKAGE_TARNAME "pear"
#define PACKAGE_VERSION "0.9.10"
#define PACKAGE_STRING "pear 0.9.10"
#define PACKAGE_BUGREPORT "Tomas.Flouri@h-its.org"
#define PACKAGE_URL ""
#define PACKAGE "pear"
#define VERSION "0.9.10"
#define HAVE_LIBM 1
#define HAVE_LIBPTHREAD 1
#define STDC_HEADERS 1
#define HAVE_SYS_TYPES_H 1
#define HAVE_SYS_STAT_H 1
#define HAVE_STDLIB_H 1
#define HAVE_STRING_H 1
#define HAVE_MEMORY_H 1
#define HAVE_STRINGS_H 1
#define HAVE_INTTYPES_H 1
#define HAVE_STDINT_H 1
#define HAVE_UNISTD_H 1
#define HAVE_STDINT_H 1
#define HAVE_STDLIB_H 1
#define HAVE_STRING_H 1
#define HAVE_STDLIB_H 1
#define HAVE_MALLOC 1
#define HAVE_MEMMOVE 1
#define HAVE_POW 1
#define HAVE_STRTOL 1
#define HAVE_PTHREAD_H 1
#define HAVE_ZLIB_H 1

configure: exit 0
